<?xml version="1.0" encoding="UTF-8"?>
<testng-results ignored="0" total="1" passed="1" failed="0" skipped="0">
  <reporter-output>
  </reporter-output>
  <suite started-at="2023-09-01T13:08:28 IST" name="Default suite" finished-at="2023-09-01T13:09:15 IST" duration-ms="46409">
    <groups>
    </groups>
    <test started-at="2023-09-01T13:08:28 IST" name="Default test" finished-at="2023-09-01T13:09:15 IST" duration-ms="46409">
      <class name="orangeHRM.TestCase1">
        <test-method signature="valid_credential()[pri:0, instance:orangeHRM.TestCase1@576d5deb]" started-at="2023-09-01T13:08:28 IST" name="valid_credential" finished-at="2023-09-01T13:09:15 IST" duration-ms="46318" status="PASS">
          <reporter-output>
          </reporter-output>
        </test-method> <!-- valid_credential -->
      </class> <!-- orangeHRM.TestCase1 -->
    </test> <!-- Default test -->
  </suite> <!-- Default suite -->
</testng-results>
